2025-02-25 13:05:28:528 [32minfo[39m: [32mServer is running on port 8000[39m
2025-02-25 13:05:28:528 [31merror[39m: [31mRedis connection failed Port should be >= 0 and < 65536. Received type number (NaN).[39m
2025-02-25 13:05:30:530 [32minfo[39m: [32mMongoDB Database connected successfully[39m
2025-02-25 13:05:31:531 [31merror[39m: [31mPostgres Database connection failed could not create unique index "PK_bc6b0d1452f134ac56bec89bba6"[39m
2025-02-25 13:10:59:1059 [32minfo[39m: [32mServer is running on port 8000[39m
2025-02-25 13:10:59:1059 [32minfo[39m: [32mRedis connected successfully[39m
2025-02-25 13:11:00:110 [31merror[39m: [31mPostgres Database connection failed could not create unique index "PK_bc6b0d1452f134ac56bec89bba6"[39m
2025-02-25 13:11:00:110 [32minfo[39m: [32mMongoDB Database connected successfully[39m
2025-02-25 13:15:54:1554 [32minfo[39m: [32mServer is running on port 8000[39m
2025-02-25 13:15:54:1554 [32minfo[39m: [32mRedis connected successfully[39m
2025-02-25 13:15:56:1556 [32minfo[39m: [32mMongoDB Database connected successfully[39m
2025-02-25 13:15:56:1556 [32minfo[39m: [32mPostgres Database connected successfully[39m
2025-02-25 13:18:30:1830 [32minfo[39m: [32mServer is running on port 8000[39m
2025-02-25 13:18:30:1830 [32minfo[39m: [32mRedis connected successfully[39m
2025-02-25 13:18:31:1831 [31merror[39m: [31mPostgres Database connection failed could not create unique index "PK_bc6b0d1452f134ac56bec89bba6"[39m
2025-02-25 13:18:32:1832 [32minfo[39m: [32mMongoDB Database connected successfully[39m
2025-02-25 13:20:09:209 [32minfo[39m: [32mServer is running on port 8000[39m
2025-02-25 13:20:09:209 [32minfo[39m: [32mRedis connected successfully[39m
2025-02-25 13:20:10:2010 [31merror[39m: [31mPostgres Database connection failed could not create unique index "PK_bc6b0d1452f134ac56bec89bba6"[39m
2025-02-25 13:20:11:2011 [32minfo[39m: [32mMongoDB Database connected successfully[39m
2025-02-25 13:26:45:2645 [32minfo[39m: [32mServer is running on port 8000[39m
2025-02-25 13:26:45:2645 [32minfo[39m: [32mRedis connected successfully[39m
2025-02-25 13:26:46:2646 [31merror[39m: [31mPostgres Database connection failed could not create unique index "PK_bc6b0d1452f134ac56bec89bba6"[39m
2025-02-25 13:26:47:2647 [32minfo[39m: [32mMongoDB Database connected successfully[39m
2025-02-25 13:28:37:2837 [32minfo[39m: [32mServer is running on port 8000[39m
2025-02-25 13:28:37:2837 [32minfo[39m: [32mRedis connected successfully[39m
2025-02-25 13:28:37:2837 [32minfo[39m: [32mPostgres Database connected successfully[39m
2025-02-25 13:28:38:2838 [32minfo[39m: [32mMongoDB Database connected successfully[39m
2025-02-25 13:29:47:2947 [35mhttp[39m: [35mPOST /api/v1/auth/signUp 201 173 - 2523.827 ms[39m
[35m[39m
2025-02-25 13:30:06:306 [35mhttp[39m: [35mPOST /api/v1/auth/signUp 201 173 - 2589.155 ms[39m
[35m[39m
2025-02-25 13:30:21:3021 [35mhttp[39m: [35mPOST /api/v1/auth/signUp 201 173 - 2788.005 ms[39m
[35m[39m
2025-02-25 13:30:39:3039 [35mhttp[39m: [35mPOST /api/v1/auth/signUp 201 173 - 1894.266 ms[39m
[35m[39m
2025-02-25 13:31:03:313 [31merror[39m: [31mvalidationErrors[39m
2025-02-25 13:31:03:313 [35mhttp[39m: [35mPOST /api/v1/auth/signUp 400 177 - 183.495 ms[39m
[35m[39m
2025-02-25 13:31:13:3113 [35mhttp[39m: [35mPOST /api/v1/auth/signUp 201 173 - 1738.760 ms[39m
[35m[39m
2025-02-25 13:31:33:3133 [35mhttp[39m: [35mPOST /api/v1/auth/signUp 201 173 - 2045.739 ms[39m
[35m[39m
2025-02-25 13:32:33:3233 [35mhttp[39m: [35mPOST /api/v1/auth/login 200 839 - 741.753 ms[39m
[35m[39m
2025-02-25 14:00:32:032 [35mhttp[39m: [35mGET /api/v1/business/searchAndFilter?filter.location_type=Remote&limit=6&page=5&search=business 200 3416 - 274.279 ms[39m
[35m[39m
2025-02-25 14:00:53:053 [35mhttp[39m: [35mGET /api/v1/business/searchAndFilter?filter.address.country=Egypt&filter.location_type=Remote&limit=6&page=5&search=business 200 3584 - 291.142 ms[39m
[35m[39m
2025-02-25 14:50:35:5035 [32minfo[39m: [32mServer is running on port 8000[39m
2025-02-25 14:50:35:5035 [32minfo[39m: [32mRedis connected successfully[39m
2025-02-25 14:50:35:5035 [32minfo[39m: [32mPostgres Database connected successfully[39m
2025-02-25 14:50:36:5036 [32minfo[39m: [32mMongoDB Database connected successfully[39m
2025-02-25 15:02:23:223 [32minfo[39m: [32mServer is running on port 8000[39m
2025-02-25 15:02:23:223 [32minfo[39m: [32mRedis connected successfully[39m
2025-02-25 15:02:24:224 [32minfo[39m: [32mPostgres Database connected successfully[39m
2025-02-25 15:02:25:225 [32minfo[39m: [32mMongoDB Database connected successfully[39m
2025-02-25 15:03:57:357 [35mhttp[39m: [35mGET /api/v1/job/oneJob/10 200 1043 - 680.141 ms[39m
[35m[39m
2025-02-25 15:04:14:414 [35mhttp[39m: [35mGET /api/v1/job/getAllJobs?search=location 200 191 - 1737.393 ms[39m
[35m[39m
2025-02-25 15:04:23:423 [35mhttp[39m: [35mGET /api/v1/job/getAllJobs?filter.business.industry[in]=software 200 166 - 170.865 ms[39m
[35m[39m
2025-02-25 15:05:01:51 [35mhttp[39m: [35mGET /api/v1/job/getAllJobs?filter.business.industry[in]=Education 200 20615 - 367.919 ms[39m
[35m[39m
2025-02-25 15:06:29:629 [35mhttp[39m: [35mGET /api/v1/job/getAllJobs?filter.business.industry[in]=Education,Healthcare 200 20533 - 267.300 ms[39m
[35m[39m
2025-02-25 15:07:42:742 [35mhttp[39m: [35mGET /api/v1/job/getAllJobs?filter.location_type[in]=Onsite,Remote 200 20474 - 1766.031 ms[39m
[35m[39m
2025-02-25 15:08:33:833 [35mhttp[39m: [35mGET /api/v1/job/getAllJobs?filter.salary[gt]=7000&filter.business.industry[in]=Education,Healthcare 200 20553 - 350.321 ms[39m
[35m[39m
2025-02-25 15:11:10:1110 [31merror[39m: [31mError in getting jobs[39m
2025-02-25 15:11:10:1110 [35mhttp[39m: [35mGET /api/v1/job/getAllJobs?filter.keywords[in]=node,js&filter.business.industry[in]=Education,Healthcare 400 664 - 190.801 ms[39m
[35m[39m
2025-02-25 15:12:14:1214 [35mhttp[39m: [35mGET /api/v1/job/getAllJobs?filter.business.industry[ilike]=Education,Healthcare 200 20471 - 220.065 ms[39m
[35m[39m
2025-02-25 15:15:39:1539 [32minfo[39m: [32mServer is running on port 8000[39m
2025-02-25 15:15:39:1539 [32minfo[39m: [32mRedis connected successfully[39m
2025-02-25 15:15:39:1539 [32minfo[39m: [32mPostgres Database connected successfully[39m
2025-02-25 15:15:40:1540 [32minfo[39m: [32mMongoDB Database connected successfully[39m
2025-02-25 15:15:43:1543 [35mhttp[39m: [35mPOST /api/v1/job/saveJob/10 200 51 - 587.947 ms[39m
[35m[39m
2025-02-25 15:15:53:1553 [35mhttp[39m: [35mGET /api/v1/job/oneJob/10 200 1042 - 282.826 ms[39m
[35m[39m
2025-02-25 15:16:15:1615 [35mhttp[39m: [35mGET /api/v1/user/job/mySavedJobs 200 683 - 343.930 ms[39m
[35m[39m
2025-02-25 15:17:55:1755 [32minfo[39m: [32mServer is running on port 8000[39m
2025-02-25 15:17:55:1755 [32minfo[39m: [32mRedis connected successfully[39m
2025-02-25 15:17:55:1755 [32minfo[39m: [32mPostgres Database connected successfully[39m
2025-02-25 15:17:56:1756 [32minfo[39m: [32mMongoDB Database connected successfully[39m
2025-02-25 15:19:10:1910 [32minfo[39m: [32mServer is running on port 8000[39m
2025-02-25 15:19:10:1910 [32minfo[39m: [32mRedis connected successfully[39m
2025-02-25 15:19:10:1910 [32minfo[39m: [32mPostgres Database connected successfully[39m
2025-02-25 15:19:11:1911 [32minfo[39m: [32mMongoDB Database connected successfully[39m
2025-02-25 15:19:46:1946 [32minfo[39m: [32mServer is running on port 8000[39m
2025-02-25 15:19:46:1946 [32minfo[39m: [32mRedis connected successfully[39m
2025-02-25 15:19:46:1946 [32minfo[39m: [32mPostgres Database connected successfully[39m
2025-02-25 15:19:47:1947 [32minfo[39m: [32mMongoDB Database connected successfully[39m
2025-02-25 15:20:52:2052 [32minfo[39m: [32mServer is running on port 8000[39m
2025-02-25 15:20:52:2052 [32minfo[39m: [32mRedis connected successfully[39m
2025-02-25 15:20:52:2052 [32minfo[39m: [32mPostgres Database connected successfully[39m
2025-02-25 15:20:53:2053 [32minfo[39m: [32mMongoDB Database connected successfully[39m
2025-02-25 15:21:06:216 [31merror[39m: [31mError in getting job_applications[39m
2025-02-25 15:21:06:216 [35mhttp[39m: [35mGET /api/v1/user/jobApplication/myAllJobApplications?search=google 400 688 - 535.103 ms[39m
[35m[39m
2025-02-25 15:22:02:222 [32minfo[39m: [32mServer is running on port 8000[39m
2025-02-25 15:22:02:222 [32minfo[39m: [32mRedis connected successfully[39m
2025-02-25 15:22:02:222 [32minfo[39m: [32mPostgres Database connected successfully[39m
2025-02-25 15:22:03:223 [32minfo[39m: [32mMongoDB Database connected successfully[39m
2025-02-25 15:22:06:226 [31merror[39m: [31mError in getting job_applications[39m
2025-02-25 15:22:06:226 [35mhttp[39m: [35mGET /api/v1/user/jobApplication/myAllJobApplications?search=google 400 688 - 344.006 ms[39m
[35m[39m
2025-02-25 15:22:24:2224 [32minfo[39m: [32mServer is running on port 8000[39m
2025-02-25 15:22:24:2224 [32minfo[39m: [32mRedis connected successfully[39m
2025-02-25 15:22:24:2224 [32minfo[39m: [32mPostgres Database connected successfully[39m
2025-02-25 15:22:25:2225 [32minfo[39m: [32mMongoDB Database connected successfully[39m
2025-02-25 15:24:09:249 [32minfo[39m: [32mServer is running on port 8000[39m
2025-02-25 15:24:09:249 [32minfo[39m: [32mRedis connected successfully[39m
2025-02-25 15:24:09:249 [32minfo[39m: [32mPostgres Database connected successfully[39m
2025-02-25 15:24:10:2410 [32minfo[39m: [32mMongoDB Database connected successfully[39m
2025-02-25 15:24:20:2420 [31merror[39m: [31mError in getting job_applications[39m
2025-02-25 15:24:20:2420 [35mhttp[39m: [35mGET /api/v1/user/jobApplication/myAllJobApplications 400 688 - 403.634 ms[39m
[35m[39m
2025-02-25 15:25:02:252 [32minfo[39m: [32mServer is running on port 8000[39m
2025-02-25 15:25:02:252 [32minfo[39m: [32mRedis connected successfully[39m
2025-02-25 15:25:03:253 [32minfo[39m: [32mPostgres Database connected successfully[39m
2025-02-25 15:25:04:254 [32minfo[39m: [32mMongoDB Database connected successfully[39m
2025-02-25 15:25:16:2516 [32minfo[39m: [32mServer is running on port 8000[39m
2025-02-25 15:25:16:2516 [32minfo[39m: [32mRedis connected successfully[39m
2025-02-25 15:25:16:2516 [32minfo[39m: [32mPostgres Database connected successfully[39m
2025-02-25 15:25:18:2518 [32minfo[39m: [32mMongoDB Database connected successfully[39m
2025-02-25 15:25:31:2531 [32minfo[39m: [32mServer is running on port 8000[39m
2025-02-25 15:25:31:2531 [32minfo[39m: [32mRedis connected successfully[39m
2025-02-25 15:25:31:2531 [32minfo[39m: [32mPostgres Database connected successfully[39m
2025-02-25 15:25:32:2532 [32minfo[39m: [32mMongoDB Database connected successfully[39m
2025-02-25 15:25:37:2537 [35mhttp[39m: [35mGET /api/v1/user/jobApplication/myAllJobApplications 200 131 - 463.089 ms[39m
[35m[39m
2025-02-25 15:26:00:260 [32minfo[39m: [32mServer is running on port 8000[39m
2025-02-25 15:26:00:260 [32minfo[39m: [32mRedis connected successfully[39m
2025-02-25 15:26:01:261 [32minfo[39m: [32mPostgres Database connected successfully[39m
2025-02-25 15:26:02:262 [32minfo[39m: [32mMongoDB Database connected successfully[39m
2025-02-25 15:26:06:266 [31merror[39m: [31mError in getting job_applications[39m
2025-02-25 15:26:06:266 [35mhttp[39m: [35mGET /api/v1/user/jobApplication/myAllJobApplications 400 688 - 497.286 ms[39m
[35m[39m
2025-02-25 15:26:57:2657 [32minfo[39m: [32mServer is running on port 8000[39m
2025-02-25 15:26:57:2657 [32minfo[39m: [32mRedis connected successfully[39m
2025-02-25 15:26:58:2658 [32minfo[39m: [32mPostgres Database connected successfully[39m
2025-02-25 15:26:59:2659 [32minfo[39m: [32mMongoDB Database connected successfully[39m
2025-02-25 15:27:02:272 [35mhttp[39m: [35mGET /api/v1/user/jobApplication/myAllJobApplications 200 131 - 325.827 ms[39m
[35m[39m
2025-02-25 15:27:35:2735 [31merror[39m: [31mjob is no longer available [39m
2025-02-25 15:27:35:2735 [35mhttp[39m: [35mPOST /api/v1/job/applyToJob/10 400 676 - 355.037 ms[39m
[35m[39m
2025-02-25 15:27:42:2742 [35mhttp[39m: [35mPOST /api/v1/job/applyToJob/1000 200 233 - 434.899 ms[39m
[35m[39m
2025-02-25 15:27:49:2749 [35mhttp[39m: [35mPOST /api/v1/job/applyToJob/1200 200 233 - 292.546 ms[39m
[35m[39m
2025-02-25 15:27:58:2758 [35mhttp[39m: [35mGET /api/v1/user/jobApplication/myAllJobApplications 200 1958 - 313.465 ms[39m
[35m[39m
2025-02-25 16:23:34:2334 [31merror[39m: [31mJob Application already in the desired state[39m
2025-02-25 16:23:34:2334 [35mhttp[39m: [35mPUT /api/v1/user/jobApplication/archived/1?archive=false 400 726 - 2187.772 ms[39m
[35m[39m
2025-02-25 16:23:43:2343 [35mhttp[39m: [35mPUT /api/v1/user/jobApplication/archived/1?archive=true 200 77 - 379.787 ms[39m
[35m[39m
2025-02-25 16:23:51:2351 [35mhttp[39m: [35mGET /api/v1/user/jobApplication/myAllJobApplications 200 1958 - 307.649 ms[39m
[35m[39m
2025-02-25 16:24:59:2459 [35mhttp[39m: [35mGET /api/v1/user/jobApplication/archived/all 200 213 - 338.652 ms[39m
[35m[39m
2025-02-25 16:25:20:2520 [35mhttp[39m: [35mGET /api/v1/user/jobApplication/myAllJobApplications 200 1958 - 353.355 ms[39m
[35m[39m
2025-02-25 16:25:27:2527 [31merror[39m: [31mJob Application already in the desired state[39m
2025-02-25 16:25:27:2527 [35mhttp[39m: [35mPUT /api/v1/user/jobApplication/archived/1?archive=true 400 726 - 280.380 ms[39m
[35m[39m
2025-02-25 16:25:38:2538 [35mhttp[39m: [35mGET /api/v1/user/jobApplication/myAllJobApplications 200 1958 - 342.041 ms[39m
[35m[39m
2025-02-25 16:26:30:2630 [32minfo[39m: [32mServer is running on port 8000[39m
2025-02-25 16:26:30:2630 [32minfo[39m: [32mRedis connected successfully[39m
2025-02-25 16:26:30:2630 [32minfo[39m: [32mPostgres Database connected successfully[39m
2025-02-25 16:26:31:2631 [32minfo[39m: [32mMongoDB Database connected successfully[39m
2025-02-25 16:26:35:2635 [31merror[39m: [31mError in getting job_applications[39m
2025-02-25 16:26:35:2635 [35mhttp[39m: [35mGET /api/v1/user/jobApplication/myAllJobApplications 400 688 - 391.433 ms[39m
[35m[39m
2025-02-25 16:26:52:2652 [32minfo[39m: [32mServer is running on port 8000[39m
2025-02-25 16:26:52:2652 [32minfo[39m: [32mRedis connected successfully[39m
2025-02-25 16:26:52:2652 [32minfo[39m: [32mPostgres Database connected successfully[39m
2025-02-25 16:26:53:2653 [32minfo[39m: [32mMongoDB Database connected successfully[39m
2025-02-25 16:28:16:2816 [32minfo[39m: [32mServer is running on port 8000[39m
2025-02-25 16:28:16:2816 [32minfo[39m: [32mRedis connected successfully[39m
2025-02-25 16:28:16:2816 [32minfo[39m: [32mPostgres Database connected successfully[39m
2025-02-25 16:28:18:2818 [32minfo[39m: [32mMongoDB Database connected successfully[39m
2025-02-25 16:28:21:2821 [35mhttp[39m: [35mGET /api/v1/user/jobApplication/archived/all 200 213 - 320.109 ms[39m
[35m[39m
2025-02-25 16:28:28:2828 [31merror[39m: [31mError in getting job_applications[39m
2025-02-25 16:28:28:2828 [35mhttp[39m: [35mGET /api/v1/user/jobApplication/myAllJobApplications 400 688 - 324.029 ms[39m
[35m[39m
2025-02-25 16:29:21:2921 [32minfo[39m: [32mServer is running on port 8000[39m
2025-02-25 16:29:21:2921 [32minfo[39m: [32mRedis connected successfully[39m
2025-02-25 16:29:21:2921 [32minfo[39m: [32mPostgres Database connected successfully[39m
2025-02-25 16:29:22:2922 [32minfo[39m: [32mMongoDB Database connected successfully[39m
2025-02-25 16:29:23:2923 [35mhttp[39m: [35mGET /api/v1/user/jobApplication/myAllJobApplications 200 1958 - 2387.258 ms[39m
[35m[39m
2025-02-25 16:35:40:3540 [32minfo[39m: [32mServer is running on port 8000[39m
2025-02-25 16:35:40:3540 [32minfo[39m: [32mRedis connected successfully[39m
2025-02-25 16:35:40:3540 [32minfo[39m: [32mPostgres Database connected successfully[39m
2025-02-25 16:35:42:3542 [32minfo[39m: [32mMongoDB Database connected successfully[39m
2025-02-25 16:35:50:3550 [35mhttp[39m: [35mGET /api/v1/user/jobApplication/myAllJobApplications 200 1958 - 476.653 ms[39m
[35m[39m
2025-02-25 16:37:44:3744 [32minfo[39m: [32mServer is running on port 8000[39m
2025-02-25 16:37:44:3744 [32minfo[39m: [32mRedis connected successfully[39m
2025-02-25 16:37:44:3744 [32minfo[39m: [32mPostgres Database connected successfully[39m
2025-02-25 16:37:45:3745 [32minfo[39m: [32mMongoDB Database connected successfully[39m
2025-02-25 16:37:48:3748 [35mhttp[39m: [35mGET /api/v1/user/jobApplication/myAllJobApplications 200 1958 - 321.884 ms[39m
[35m[39m
2025-02-25 16:38:04:384 [35mhttp[39m: [35mGET /api/v1/user/jobApplication/archived/all 200 213 - 333.177 ms[39m
[35m[39m
2025-02-25 16:38:33:3833 [32minfo[39m: [32mServer is running on port 8000[39m
2025-02-25 16:38:33:3833 [32minfo[39m: [32mRedis connected successfully[39m
2025-02-25 16:38:34:3834 [32minfo[39m: [32mPostgres Database connected successfully[39m
2025-02-25 16:38:35:3835 [32minfo[39m: [32mMongoDB Database connected successfully[39m
2025-02-25 16:38:38:3838 [35mhttp[39m: [35mGET /api/v1/user/jobApplication/myAllJobApplications 200 1958 - 331.850 ms[39m
[35m[39m
2025-02-25 16:39:36:3936 [32minfo[39m: [32mServer is running on port 8000[39m
2025-02-25 16:39:36:3936 [32minfo[39m: [32mRedis connected successfully[39m
2025-02-25 16:39:36:3936 [32minfo[39m: [32mPostgres Database connected successfully[39m
2025-02-25 16:39:37:3937 [32minfo[39m: [32mMongoDB Database connected successfully[39m
2025-02-25 16:39:40:3940 [35mhttp[39m: [35mGET /api/v1/user/jobApplication/myAllJobApplications 200 1958 - 363.945 ms[39m
[35m[39m
2025-02-25 16:40:22:4022 [32minfo[39m: [32mServer is running on port 8000[39m
2025-02-25 16:40:22:4022 [32minfo[39m: [32mRedis connected successfully[39m
2025-02-25 16:40:23:4023 [32minfo[39m: [32mPostgres Database connected successfully[39m
2025-02-25 16:40:24:4024 [32minfo[39m: [32mMongoDB Database connected successfully[39m
2025-02-25 16:40:33:4033 [35mhttp[39m: [35mGET /api/v1/user/jobApplication/myAllJobApplications 200 1958 - 366.148 ms[39m
[35m[39m
2025-02-25 16:41:09:419 [32minfo[39m: [32mServer is running on port 8000[39m
2025-02-25 16:41:09:419 [32minfo[39m: [32mRedis connected successfully[39m
2025-02-25 16:41:09:419 [32minfo[39m: [32mPostgres Database connected successfully[39m
2025-02-25 16:41:10:4110 [32minfo[39m: [32mMongoDB Database connected successfully[39m
2025-02-25 16:41:38:4138 [32minfo[39m: [32mServer is running on port 8000[39m
2025-02-25 16:41:38:4138 [32minfo[39m: [32mRedis connected successfully[39m
2025-02-25 16:41:38:4138 [32minfo[39m: [32mPostgres Database connected successfully[39m
2025-02-25 16:41:39:4139 [32minfo[39m: [32mMongoDB Database connected successfully[39m
2025-02-25 16:42:02:422 [32minfo[39m: [32mServer is running on port 8000[39m
2025-02-25 16:42:02:422 [32minfo[39m: [32mRedis connected successfully[39m
2025-02-25 16:42:02:422 [32minfo[39m: [32mPostgres Database connected successfully[39m
2025-02-25 16:42:04:424 [32minfo[39m: [32mMongoDB Database connected successfully[39m
2025-02-25 16:42:25:4225 [35mhttp[39m: [35mGET /api/v1/user/jobApplication/myAllJobApplications 200 1958 - 362.104 ms[39m
[35m[39m
2025-02-25 16:43:13:4313 [32minfo[39m: [32mServer is running on port 8000[39m
2025-02-25 16:43:13:4313 [32minfo[39m: [32mRedis connected successfully[39m
2025-02-25 16:43:13:4313 [32minfo[39m: [32mPostgres Database connected successfully[39m
2025-02-25 16:43:14:4314 [32minfo[39m: [32mMongoDB Database connected successfully[39m
2025-02-25 16:43:17:4317 [35mhttp[39m: [35mGET /api/v1/user/jobApplication/myAllJobApplications 200 1046 - 335.326 ms[39m
[35m[39m
2025-02-25 16:44:44:4444 [31merror[39m: [31mjob is no longer available [39m
2025-02-25 16:44:44:4444 [35mhttp[39m: [35mPOST /api/v1/job/applyToJob/1201 400 676 - 454.516 ms[39m
[35m[39m
2025-02-25 16:44:49:4449 [31merror[39m: [31mjob is no longer available [39m
2025-02-25 16:44:49:4449 [35mhttp[39m: [35mPOST /api/v1/job/applyToJob/12010 400 676 - 283.653 ms[39m
[35m[39m
2025-02-25 16:44:55:4455 [31merror[39m: [31mjob is no longer available [39m
2025-02-25 16:44:55:4455 [35mhttp[39m: [35mPOST /api/v1/job/applyToJob/12066 400 676 - 283.362 ms[39m
[35m[39m
2025-02-25 16:45:03:453 [35mhttp[39m: [35mPOST /api/v1/job/applyToJob/12222 200 234 - 413.302 ms[39m
[35m[39m
2025-02-25 16:45:10:4510 [35mhttp[39m: [35mGET /api/v1/user/jobApplication/myAllJobApplications 200 1939 - 291.029 ms[39m
[35m[39m
2025-02-25 16:49:51:4951 [31merror[39m: [31mvalidationErrors[39m
2025-02-25 16:49:51:4951 [35mhttp[39m: [35mGET /api/v1/business/searchAndFilter?filter.location_type=Remote 400 154 - 138.702 ms[39m
[35m[39m
2025-02-25 16:49:59:4959 [35mhttp[39m: [35mGET /api/v1/business/searchAndFilter?filter.location_type=Remote&search=business 200 10790 - 446.668 ms[39m
[35m[39m
2025-02-25 16:51:55:5155 [35mhttp[39m: [35mGET /api/v1/business/searchAndFilter?filter.location_type=Onsite&search=business 200 10740 - 403.599 ms[39m
[35m[39m
2025-02-25 16:53:32:5332 [32minfo[39m: [32mServer is running on port 8000[39m
2025-02-25 16:53:32:5332 [32minfo[39m: [32mRedis connected successfully[39m
2025-02-25 16:53:32:5332 [32minfo[39m: [32mPostgres Database connected successfully[39m
2025-02-25 16:53:34:5334 [32minfo[39m: [32mMongoDB Database connected successfully[39m
2025-02-25 16:54:03:543 [35mhttp[39m: [35mGET /api/v1/business/searchAndFilter?filter.location_type=Onsite 200 10700 - 264.967 ms[39m
[35m[39m
2025-02-25 16:54:22:5422 [31merror[39m: [31mError in getting businesses[39m
2025-02-25 16:54:22:5422 [35mhttp[39m: [35mGET /api/v1/business/searchAndFilter?filter.location_type=Onsite,Remote 400 695 - 252.689 ms[39m
[35m[39m
2025-02-25 16:54:37:5437 [35mhttp[39m: [35mGET /api/v1/business/searchAndFilter?filter.location_type[in]=Onsite,Remote 200 10761 - 414.335 ms[39m
[35m[39m
2025-02-25 16:55:13:5513 [35mhttp[39m: [35mGET /api/v1/business/searchAndFilter?filter.location_type=Onsite 200 10700 - 215.604 ms[39m
[35m[39m
2025-02-25 16:59:29:5929 [32minfo[39m: [32mServer is running on port 8000[39m
2025-02-25 16:59:29:5929 [32minfo[39m: [32mRedis connected successfully[39m
2025-02-25 16:59:29:5929 [32minfo[39m: [32mPostgres Database connected successfully[39m
2025-02-25 16:59:30:5930 [32minfo[39m: [32mMongoDB Database connected successfully[39m
2025-02-25 17:02:18:218 [32minfo[39m: [32mServer is running on port 8000[39m
2025-02-25 17:02:18:218 [32minfo[39m: [32mRedis connected successfully[39m
2025-02-25 17:02:19:219 [32minfo[39m: [32mPostgres Database connected successfully[39m
2025-02-25 17:02:20:220 [32minfo[39m: [32mMongoDB Database connected successfully[39m
2025-02-25 17:02:54:254 [35mhttp[39m: [35mGET /api/v1/job/getAllJobs?filter.employee_type[in]=PartTime&filter.business.industry[in]=Education,Healthcare 200 20568 - 283.410 ms[39m
[35m[39m
2025-02-25 17:08:25:825 [32minfo[39m: [32mServer is running on port 8000[39m
2025-02-25 17:08:25:825 [32minfo[39m: [32mRedis connected successfully[39m
2025-02-25 17:08:25:825 [32minfo[39m: [32mPostgres Database connected successfully[39m
2025-02-25 17:08:27:827 [32minfo[39m: [32mMongoDB Database connected successfully[39m
2025-02-25 17:08:52:852 [35mhttp[39m: [35mGET /api/v1/job/getAllJobs?filter.country=Egypt 200 20566 - 284.925 ms[39m
[35m[39m
2025-02-25 17:10:42:1042 [32minfo[39m: [32mServer is running on port 8000[39m
2025-02-25 17:10:42:1042 [32minfo[39m: [32mRedis connected successfully[39m
2025-02-25 17:10:43:1043 [32minfo[39m: [32mPostgres Database connected successfully[39m
2025-02-25 17:10:44:1044 [32minfo[39m: [32mMongoDB Database connected successfully[39m
2025-02-25 17:15:21:1521 [35mhttp[39m: [35mGET /api/v1/job/getAllJobs?sortBy=salary:ASC&filter.country=Egypt 200 20649 - 268.027 ms[39m
[35m[39m
2025-02-25 17:20:23:2023 [31merror[39m: [31mField name missing[39m
2025-02-25 17:20:23:2023 [35mhttp[39m: [35mPOST /api/v1/business 500 1021 - 521.070 ms[39m
[35m[39m
2025-02-25 17:22:32:2232 [31merror[39m: [31mvalidationErrors[39m
2025-02-25 17:22:32:2232 [35mhttp[39m: [35mPATCH /api/v1/user/updateBasicInfo 400 177 - 337.472 ms[39m
[35m[39m
2025-02-25 17:25:06:256 [31merror[39m: [31mField name missing[39m
2025-02-25 17:25:06:256 [35mhttp[39m: [35mPOST /api/v1/business 500 1021 - 335.171 ms[39m
[35m[39m
2025-02-25 17:25:18:2518 [31merror[39m: [31mField name missing[39m
2025-02-25 17:25:18:2518 [35mhttp[39m: [35mPOST /api/v1/business 500 1021 - 428.730 ms[39m
[35m[39m
2025-02-25 17:25:42:2542 [35mhttp[39m: [35mGET /api/v1/business/profile/100 200 595 - 579.933 ms[39m
[35m[39m
2025-02-25 17:26:25:2625 [35mhttp[39m: [35mGET /api/v1/business/profile/100 200 595 - 330.925 ms[39m
[35m[39m
2025-02-25 17:26:31:2631 [35mhttp[39m: [35mGET /api/v1/business/profile/1000 200 600 - 289.412 ms[39m
[35m[39m
2025-02-25 17:29:18:2918 [32minfo[39m: [32mServer is running on port 8000[39m
2025-02-25 17:29:18:2918 [32minfo[39m: [32mRedis connected successfully[39m
2025-02-25 17:29:18:2918 [32minfo[39m: [32mPostgres Database connected successfully[39m
2025-02-25 17:29:19:2919 [32minfo[39m: [32mMongoDB Database connected successfully[39m
2025-02-25 17:29:24:2924 [31merror[39m: [31mField name missing[39m
2025-02-25 17:29:24:2924 [35mhttp[39m: [35mPOST /api/v1/business 500 1021 - 371.153 ms[39m
[35m[39m
2025-02-25 17:29:43:2943 [32minfo[39m: [32mServer is running on port 8000[39m
2025-02-25 17:29:43:2943 [32minfo[39m: [32mRedis connected successfully[39m
2025-02-25 17:29:43:2943 [32minfo[39m: [32mPostgres Database connected successfully[39m
2025-02-25 17:29:44:2944 [32minfo[39m: [32mMongoDB Database connected successfully[39m
2025-02-25 17:29:45:2945 [31merror[39m: [31mvalidationErrors[39m
2025-02-25 17:29:45:2945 [35mhttp[39m: [35mPOST /api/v1/business 400 265 - 1790.728 ms[39m
[35m[39m
2025-02-25 17:30:07:307 [32minfo[39m: [32mServer is running on port 8000[39m
2025-02-25 17:30:07:307 [32minfo[39m: [32mRedis connected successfully[39m
2025-02-25 17:30:07:307 [32minfo[39m: [32mPostgres Database connected successfully[39m
2025-02-25 17:30:08:308 [32minfo[39m: [32mMongoDB Database connected successfully[39m
2025-02-25 17:30:17:3017 [31merror[39m: [31mField name missing[39m
2025-02-25 17:30:17:3017 [35mhttp[39m: [35mPOST /api/v1/business 500 1021 - 322.095 ms[39m
[35m[39m
2025-02-25 17:40:16:4016 [32minfo[39m: [32mServer is running on port 8000[39m
2025-02-25 17:40:16:4016 [32minfo[39m: [32mRedis connected successfully[39m
2025-02-25 17:40:16:4016 [32minfo[39m: [32mPostgres Database connected successfully[39m
2025-02-25 17:40:18:4018 [32minfo[39m: [32mMongoDB Database connected successfully[39m
2025-02-25 17:42:21:4221 [32minfo[39m: [32mServer is running on port 8000[39m
2025-02-25 17:42:21:4221 [32minfo[39m: [32mRedis connected successfully[39m
2025-02-25 17:42:22:4222 [32minfo[39m: [32mPostgres Database connected successfully[39m
2025-02-25 17:42:23:4223 [32minfo[39m: [32mMongoDB Database connected successfully[39m
2025-02-25 17:42:54:4254 [32minfo[39m: [32mServer is running on port 8000[39m
2025-02-25 17:42:54:4254 [32minfo[39m: [32mRedis connected successfully[39m
2025-02-25 17:42:55:4255 [32minfo[39m: [32mPostgres Database connected successfully[39m
2025-02-25 17:42:56:4256 [32minfo[39m: [32mMongoDB Database connected successfully[39m
2025-02-25 17:43:38:4338 [32minfo[39m: [32mServer is running on port 8000[39m
2025-02-25 17:43:38:4338 [32minfo[39m: [32mRedis connected successfully[39m
2025-02-25 17:43:38:4338 [32minfo[39m: [32mPostgres Database connected successfully[39m
2025-02-25 17:43:39:4339 [32minfo[39m: [32mMongoDB Database connected successfully[39m
2025-02-25 17:44:07:447 [32minfo[39m: [32mServer is running on port 8000[39m
2025-02-25 17:44:07:447 [32minfo[39m: [32mRedis connected successfully[39m
2025-02-25 17:44:07:447 [32minfo[39m: [32mPostgres Database connected successfully[39m
2025-02-25 17:44:08:448 [32minfo[39m: [32mMongoDB Database connected successfully[39m
2025-02-25 17:44:11:4411 [31merror[39m: [31mField name missing[39m
2025-02-25 17:44:11:4411 [35mhttp[39m: [35mPOST /api/v1/business 500 1021 - 485.884 ms[39m
[35m[39m
2025-02-25 17:44:17:4417 [31merror[39m: [31mField name missing[39m
2025-02-25 17:44:17:4417 [35mhttp[39m: [35mPOST /api/v1/business 500 1021 - 288.723 ms[39m
[35m[39m
2025-02-25 17:44:34:4434 [31merror[39m: [31mField name missing[39m
2025-02-25 17:44:34:4434 [35mhttp[39m: [35mPOST /api/v1/business 500 1021 - 335.909 ms[39m
[35m[39m
2025-02-25 17:45:59:4559 [32minfo[39m: [32mServer is running on port 8000[39m
2025-02-25 17:45:59:4559 [32minfo[39m: [32mRedis connected successfully[39m
2025-02-25 17:45:59:4559 [32minfo[39m: [32mPostgres Database connected successfully[39m
2025-02-25 17:46:00:460 [32minfo[39m: [32mMongoDB Database connected successfully[39m
2025-02-25 17:46:13:4613 [35mhttp[39m: [35mGET /api/v1/business/searchAndFilter?filter.address.country=Egypt 200 11022 - 230.776 ms[39m
[35m[39m
2025-02-25 17:47:09:479 [32minfo[39m: [32mServer is running on port 8000[39m
2025-02-25 17:47:09:479 [32minfo[39m: [32mRedis connected successfully[39m
2025-02-25 17:47:09:479 [32minfo[39m: [32mPostgres Database connected successfully[39m
2025-02-25 17:47:10:4710 [32minfo[39m: [32mMongoDB Database connected successfully[39m
2025-02-25 17:47:28:4728 [32minfo[39m: [32mServer is running on port 8000[39m
2025-02-25 17:47:28:4728 [32minfo[39m: [32mRedis connected successfully[39m
2025-02-25 17:47:28:4728 [32minfo[39m: [32mPostgres Database connected successfully[39m
2025-02-25 17:47:29:4729 [32minfo[39m: [32mMongoDB Database connected successfully[39m
2025-02-25 17:47:29:4729 [35mhttp[39m: [35mGET /api/v1/business/searchAndFilter?filter.location_type=Onsite 200 10700 - 1400.100 ms[39m
[35m[39m
2025-02-25 17:48:09:489 [35mhttp[39m: [35mGET /api/v1/job/getAllJobs?sortBy=salary:ASC&filter.country=Egypt 200 20649 - 252.892 ms[39m
[35m[39m
2025-02-25 17:49:22:4922 [35mhttp[39m: [35mGET /api/v1/job/getAllJobs?sortBy=salary:DESC&filter.country=Egypt 200 20658 - 234.167 ms[39m
[35m[39m
2025-02-25 17:49:52:4952 [35mhttp[39m: [35mGET /api/v1/job/getAllJobs?filter.salary[gt]=7000&filter.country=Egypt 200 20586 - 232.212 ms[39m
[35m[39m
2025-02-25 17:50:44:5044 [32minfo[39m: [32mServer is running on port 8000[39m
2025-02-25 17:50:44:5044 [32minfo[39m: [32mRedis connected successfully[39m
2025-02-25 17:50:44:5044 [32minfo[39m: [32mPostgres Database connected successfully[39m
2025-02-25 17:50:46:5046 [32minfo[39m: [32mMongoDB Database connected successfully[39m
2025-02-25 17:50:49:5049 [35mhttp[39m: [35mGET /api/v1/job/getAllJobs?filter.salary[gt]=7000&filter.country=Egypt 200 20586 - 199.807 ms[39m
[35m[39m
2025-02-25 17:51:17:5117 [32minfo[39m: [32mServer is running on port 8000[39m
2025-02-25 17:51:17:5117 [32minfo[39m: [32mRedis connected successfully[39m
2025-02-25 17:51:17:5117 [32minfo[39m: [32mPostgres Database connected successfully[39m
2025-02-25 17:51:19:5119 [32minfo[39m: [32mMongoDB Database connected successfully[39m
2025-02-25 17:51:19:5119 [35mhttp[39m: [35mGET /api/v1/job/getAllJobs?filter.country=Egypt 200 20566 - 989.330 ms[39m
[35m[39m
2025-02-25 17:52:10:5210 [35mhttp[39m: [35mGET /api/v1/business/searchAndFilter?filter.location_type=Onsite&sortBy 200 10700 - 213.117 ms[39m
[35m[39m
2025-02-25 17:52:15:5215 [35mhttp[39m: [35mGET /api/v1/business/searchAndFilter?filter.address.country=Egypt 200 11022 - 166.175 ms[39m
[35m[39m
2025-02-25 17:52:58:5258 [35mhttp[39m: [35mGET /api/v1/job/getAllJobs?filter.country=Egypt 200 20566 - 240.442 ms[39m
[35m[39m
2025-02-25 17:53:07:537 [35mhttp[39m: [35mGET /api/v1/job/getAllJobs?filter.country=Egypt 200 20566 - 168.804 ms[39m
[35m[39m
2025-02-25 17:53:56:5356 [35mhttp[39m: [35mGET /api/v1/business/searchAndFilter?filter.reviewsRatingsAverage[gt]=11 200 170 - 249.481 ms[39m
[35m[39m
2025-02-25 17:54:06:546 [35mhttp[39m: [35mGET /api/v1/business/searchAndFilter?filter.reviewsRatingsAverage[lte]=11 200 10759 - 163.693 ms[39m
[35m[39m
2025-02-25 17:54:37:5437 [35mhttp[39m: [35mGET /api/v1/business/searchAndFilter?filter.reviewsRatingsAverage[gte]=11 200 171 - 228.036 ms[39m
[35m[39m
2025-02-25 17:54:42:5442 [35mhttp[39m: [35mGET /api/v1/business/searchAndFilter?sortBy=reviewsRatingsAverage:DESC 200 10746 - 307.752 ms[39m
[35m[39m
2025-02-25 17:55:28:5528 [35mhttp[39m: [35mGET /api/v1/business/searchAndFilter?sortBy=reviewsRatingsAverage:DESC 200 10743 - 266.168 ms[39m
[35m[39m
